<?xml version="1.0" encoding="UTF-8"?>
<!-- Generated by org.testng.reporters.JUnitReportReporter -->
<testsuite hostname="GLTPM-W084" name="com.NewTest" tests="2" failures="0" timestamp="5 Sep 2016 06:13:50 GMT" time="3.802" errors="0">
  <testcase name="f1" time="2.442" classname="com.NewTest"/>
  <testcase name="f" time="1.360" classname="com.NewTest"/>
</testsuite> <!-- com.NewTest -->
