<?xml version="1.0" encoding="UTF-8"?>
<!-- Generated by org.testng.reporters.JUnitReportReporter -->
<testsuite hostname="GLTPM-W084" name="com.NewTest" tests="2" failures="0" timestamp="5 Sep 2016 06:23:45 GMT" time="1.981" errors="0">
  <testcase name="f1" time="0.719" classname="com.NewTest"/>
  <testcase name="f" time="1.262" classname="com.NewTest"/>
</testsuite> <!-- com.NewTest -->
