<?xml version="1.0" encoding="UTF-8"?>
<!-- Generated by org.testng.reporters.JUnitReportReporter -->
<testsuite hostname="GLTPM-W084" name="com.NewTest" tests="2" failures="0" timestamp="9 Sep 2016 11:55:51 GMT" time="2.716" errors="0">
  <testcase name="LoginMyUser" time="1.128" classname="com.NewTest"/>
  <testcase name="RegisterNewUser" time="1.588" classname="com.NewTest"/>
</testsuite> <!-- com.NewTest -->
