<?xml version="1.0" encoding="UTF-8"?>
<!-- Generated by org.testng.reporters.JUnitReportReporter -->
<testsuite hostname="GLTPM-W084" name="com.NewTest" tests="2" failures="0" timestamp="5 Sep 2016 06:01:09 GMT" time="0.015" errors="0">
  <testcase name="f" time="0.001" classname="com.NewTest"/>
  <testcase name="f" time="0.014" classname="com.NewTest"/>
</testsuite> <!-- com.NewTest -->
